<?xml version="1.0" encoding="UTF-8"?>
<testsuite name="Scenario: Reseting after one increment" tests="5" skipped="0" failures="0" errors="0" timestamp="2017-11-19T01:09:45" hostname="mylly" time="0.009">
  <properties/>
  <testcase name="Given Counter is initialized" classname="Scenario: Reseting after one increment" time="0.001"/>
  <testcase name="When it is incremented" classname="Scenario: Reseting after one increment" time="0.002"/>
  <testcase name="And it is reseted" classname="Scenario: Reseting after one increment" time="0.0"/>
  <testcase name="Then the value should be 0" classname="Scenario: Reseting after one increment" time="0.0"/>
  <testcase name="classMethod" classname="Scenario: Reseting after one increment" time="0.01"/>
  <system-out><![CDATA[]]></system-out>
  <system-err><![CDATA[]]></system-err>
</testsuite>
